<?xml version="1.0" encoding="UTF-8"?>
<!-- Generated by org.testng.reporters.JUnitXMLReporter -->
<testsuite hostname="DESKTOP-PH3A7DM" ignored="6" name="Test" tests="1" failures="1" timestamp="2022-02-09T16:47:35 IST" time="28.57" errors="0">
  <testcase name="validatePageTitle" time="0.084" classname="com.crm.qa.testcases.LoginPageTest">
    <failure type="java.lang.AssertionError" message="expected [#1 Free CRM customer relationship management software cloud] but found [Free CRM software for customer relationship management, sales, marketing campaigns and support.]">
      <![CDATA[java.lang.AssertionError: expected [#1 Free CRM customer relationship management software cloud] but found [Free CRM software for customer relationship management, sales, marketing campaigns and support.]
at com.crm.qa.testcases.LoginPageTest.validatePageTitle(LoginPageTest.java:37)
at java.util.ArrayList.forEach(ArrayList.java:1259)
... Removed 33 stack frames]]>
    </failure>
  </testcase> <!-- validatePageTitle -->
  <testcase name="contactLableverify" time="0.0" classname="com.crm.qa.testcases.ContactTest">
    <ignored/>
  </testcase> <!-- contactLableverify -->
  <testcase name="serachfield" time="0.0" classname="com.crm.qa.testcases.HomePageTest">
    <ignored/>
  </testcase> <!-- serachfield -->
  <testcase name="verifyLable" time="0.0" classname="com.crm.qa.testcases.HomePageTest">
    <ignored/>
  </testcase> <!-- verifyLable -->
  <testcase name="contactLink" time="0.0" classname="com.crm.qa.testcases.HomePageTest">
    <ignored/>
  </testcase> <!-- contactLink -->
  <testcase name="loginTest" time="0.0" classname="com.crm.qa.testcases.LoginPageTest">
    <ignored/>
  </testcase> <!-- loginTest -->
  <testcase name="verifyTitle" time="0.0" classname="com.crm.qa.testcases.HomePageTest">
    <ignored/>
  </testcase> <!-- verifyTitle -->
</testsuite> <!-- Test -->
