<?xml version="1.0" encoding="UTF-8"?>
<!-- Generated by org.testng.reporters.JUnitXMLReporter -->
<testsuite hostname="DESKTOP-PH3A7DM" ignored="1" name="Test" tests="1" failures="0" timestamp="2021-12-30T19:11:06 IST" time="13.749" errors="0">
  <testcase name="validatePageTitle" time="0.182" classname="com.crm.qa.testcases.LoginPageTest"/>
  <testcase name="loginTest" time="0.0" classname="com.crm.qa.testcases.LoginPageTest">
    <ignored/>
  </testcase> <!-- loginTest -->
</testsuite> <!-- Test -->
